<?xml version="1.0" encoding="UTF-8"?>
<!-- Generated by org.testng.reporters.JUnitXMLReporter -->
<testsuite ignored="0" hostname="surface" failures="0" tests="4" name="Default test" time="0.112" errors="0" timestamp="2022-09-24T18:57:08 IST">
  <testcase classname="vm.AppTest" name="InValidUserAndPassword" time="0.025"/>
  <testcase classname="vm.AppTest" name="InValidUserAndValidPasswordTest" time="0.003"/>
  <testcase classname="vm.AppTest" name="ValidUserAndInValidPasswordTest" time="0.004"/>
  <testcase classname="vm.AppTest" name="ValidUserAndPassword" time="0.003"/>
</testsuite> <!-- Default test -->
