<?xml version="1.0" encoding="UTF-8"?>
<testng-results ignored="0" total="4" passed="4" failed="0" skipped="0">
  <reporter-output>
  </reporter-output>
  <suite started-at="2022-09-24T18:57:08 IST" name="Default suite" finished-at="2022-09-24T18:57:08 IST" duration-ms="112">
    <groups>
    </groups>
    <test started-at="2022-09-24T18:57:08 IST" name="Default test" finished-at="2022-09-24T18:57:08 IST" duration-ms="112">
      <class name="vm.AppTest">
        <test-method signature="InValidUserAndPassword()[pri:0, instance:vm.AppTest@2accdbb5]" started-at="2022-09-24T18:57:08 IST" name="InValidUserAndPassword" finished-at="2022-09-24T18:57:08 IST" duration-ms="25" status="PASS">
          <reporter-output>
          </reporter-output>
        </test-method> <!-- InValidUserAndPassword -->
        <test-method signature="InValidUserAndValidPasswordTest()[pri:0, instance:vm.AppTest@2accdbb5]" started-at="2022-09-24T18:57:08 IST" name="InValidUserAndValidPasswordTest" finished-at="2022-09-24T18:57:08 IST" duration-ms="3" status="PASS">
          <reporter-output>
          </reporter-output>
        </test-method> <!-- InValidUserAndValidPasswordTest -->
        <test-method signature="ValidUserAndInValidPasswordTest()[pri:0, instance:vm.AppTest@2accdbb5]" started-at="2022-09-24T18:57:08 IST" name="ValidUserAndInValidPasswordTest" finished-at="2022-09-24T18:57:08 IST" duration-ms="4" status="PASS">
          <reporter-output>
          </reporter-output>
        </test-method> <!-- ValidUserAndInValidPasswordTest -->
        <test-method signature="ValidUserAndPassword()[pri:0, instance:vm.AppTest@2accdbb5]" started-at="2022-09-24T18:57:08 IST" name="ValidUserAndPassword" finished-at="2022-09-24T18:57:08 IST" duration-ms="3" status="PASS">
          <reporter-output>
          </reporter-output>
        </test-method> <!-- ValidUserAndPassword -->
      </class> <!-- vm.AppTest -->
    </test> <!-- Default test -->
  </suite> <!-- Default suite -->
</testng-results>
